\BOOKMARK [1][-]{section.1}{Introduction}{}
\BOOKMARK [1][-]{section.2}{NETCONF protocol}{}
\BOOKMARK [2][-]{subsection.2.1}{Transport protocol}{section.2}
\BOOKMARK [2][-]{subsection.2.2}{RPC}{section.2}
\BOOKMARK [2][-]{subsection.2.3}{Operations}{section.2}
\BOOKMARK [2][-]{subsection.2.4}{Capabilities}{section.2}
\BOOKMARK [1][-]{section.3}{YANG}{}
\BOOKMARK [2][-]{subsection.3.1}{YANG specifications}{section.3}
\BOOKMARK [2][-]{subsection.3.2}{YANG module and submodule headers}{section.3}
\BOOKMARK [3][-]{subsubsection.3.2.1}{Module header}{subsection.3.2}
\BOOKMARK [3][-]{subsubsection.3.2.2}{Submodule header}{subsection.3.2}
\BOOKMARK [3][-]{subsubsection.3.2.3}{Yang specification meta statements}{subsection.3.2}
\BOOKMARK [3][-]{subsubsection.3.2.4}{Yang linkage statements}{subsection.3.2}
\BOOKMARK [3][-]{subsubsection.3.2.5}{Yang revision statement}{subsection.3.2}
\BOOKMARK [2][-]{subsection.3.3}{Leaf nodes}{section.3}
\BOOKMARK [2][-]{subsection.3.4}{Construct nodes}{section.3}
\BOOKMARK [2][-]{subsection.3.5}{Typedef}{section.3}
\BOOKMARK [2][-]{subsection.3.6}{Grouping and Uses}{section.3}
\BOOKMARK [2][-]{subsection.3.7}{Augmenting}{section.3}
\BOOKMARK [2][-]{subsection.3.8}{Rpc}{section.3}
\BOOKMARK [2][-]{subsection.3.9}{Notification}{section.3}
\BOOKMARK [2][-]{subsection.3.10}{Extensions}{section.3}
\BOOKMARK [1][-]{section.4}{jYang}{}
\BOOKMARK [2][-]{subsection.4.1}{YANG Parser}{section.4}
\BOOKMARK [2][-]{subsection.4.2}{jYang tool}{section.4}
\BOOKMARK [3][-]{subsubsection.4.2.1}{jYang use}{subsection.4.2}
\BOOKMARK [3][-]{subsubsection.4.2.2}{Errors}{subsection.4.2}
\BOOKMARK [1][-]{section.5}{jYang API}{}
\BOOKMARK [2][-]{subsection.5.1}{UML class diagram}{section.5}
\BOOKMARK [2][-]{subsection.5.2}{YANG specifications}{section.5}
\BOOKMARK [2][-]{subsection.5.3}{Yang bodies statements}{section.5}
\BOOKMARK [2][-]{subsection.5.4}{Bodies}{section.5}
\BOOKMARK [3][-]{subsubsection.5.4.1}{Extension statement}{subsection.5.4}
\BOOKMARK [3][-]{subsubsection.5.4.2}{TypeDef statement}{subsection.5.4}
\BOOKMARK [3][-]{subsubsection.5.4.3}{Grouping statement}{subsection.5.4}
\BOOKMARK [3][-]{subsubsection.5.4.4}{DataDef statement}{subsection.5.4}
\BOOKMARK [3][-]{subsubsection.5.4.5}{Rpc statement}{subsection.5.4}
\BOOKMARK [3][-]{subsubsection.5.4.6}{Notification statement}{subsection.5.4}
\BOOKMARK [2][-]{subsection.5.5}{Extension detail}{section.5}
\BOOKMARK [3][-]{subsubsection.5.5.1}{Argument statement}{subsection.5.5}
\BOOKMARK [2][-]{subsection.5.6}{Typedef detail}{section.5}
\BOOKMARK [3][-]{subsubsection.5.6.1}{Type statement}{subsection.5.6}
\BOOKMARK [2][-]{subsection.5.7}{Grouping detail}{section.5}
\BOOKMARK [2][-]{subsection.5.8}{Data def detail}{section.5}
\BOOKMARK [3][-]{subsubsection.5.8.1}{Container statement}{subsection.5.8}
\BOOKMARK [3][-]{subsubsection.5.8.2}{Leaf statement}{subsection.5.8}
\BOOKMARK [3][-]{subsubsection.5.8.3}{Leaf List statement}{subsection.5.8}
\BOOKMARK [3][-]{subsubsection.5.8.4}{List statement}{subsection.5.8}
\BOOKMARK [3][-]{subsubsection.5.8.5}{Choice statement}{subsection.5.8}
\BOOKMARK [3][-]{subsubsection.5.8.6}{Any-xml statement}{subsection.5.8}
\BOOKMARK [3][-]{subsubsection.5.8.7}{Uses statement}{subsection.5.8}
\BOOKMARK [3][-]{subsubsection.5.8.8}{Augment statement}{subsection.5.8}
\BOOKMARK [2][-]{subsection.5.9}{Case and Short Case statements}{section.5}
\BOOKMARK [3][-]{subsubsection.5.9.1}{Case statement}{subsection.5.9}
\BOOKMARK [3][-]{subsubsection.5.9.2}{Short Case statement}{subsection.5.9}
\BOOKMARK [3][-]{subsubsection.5.9.3}{Case Data Def statement}{subsection.5.9}
\BOOKMARK [2][-]{subsection.5.10}{Refinement statement}{section.5}
\BOOKMARK [3][-]{subsubsection.5.10.1}{Refine Container statement}{subsection.5.10}
\BOOKMARK [3][-]{subsubsection.5.10.2}{Refine Leaf statement}{subsection.5.10}
\BOOKMARK [3][-]{subsubsection.5.10.3}{Refine Leaf List statement}{subsection.5.10}
\BOOKMARK [3][-]{subsubsection.5.10.4}{Refine List statement}{subsection.5.10}
\BOOKMARK [3][-]{subsubsection.5.10.5}{Refine Choice statement}{subsection.5.10}
\BOOKMARK [3][-]{subsubsection.5.10.6}{Refine Any-xml statement}{subsection.5.10}
\BOOKMARK [2][-]{subsection.5.11}{Global view}{section.5}
